Removed Pin From Net: NetName=NetC2_1 Pin=SW1-1
Removed Pin From Net: NetName=VCC Pin=SW1-2
Removed Pin From Net: NetName=NetC3_1 Pin=SW2-1
Removed Pin From Net: NetName=VCC Pin=SW2-2
Removed Pin From Net: NetName=NetC4_1 Pin=SW3-1
Removed Pin From Net: NetName=VCC Pin=SW3-2
Removed Pin From Net: NetName=NetC5_1 Pin=SW4-1
Removed Pin From Net: NetName=VCC Pin=SW4-2
Removed Member From Class: ClassName=Sheet1 Member=SW1
Removed Member From Class: ClassName=Sheet1 Member=SW2
Removed Member From Class: ClassName=Sheet1 Member=SW3
Removed Member From Class: ClassName=Sheet1 Member=SW4
Added Component: Designator=SW?(SW2)
Add component (AddParameter): Name = "Value"; Value = "SW chip 2 pin"; VariantName = "[No Variations]"
Added Component: Designator=SW?(SW2)
Add component (AddParameter): Name = "Value"; Value = "SW chip 2 pin"; VariantName = "[No Variations]"
Added Component: Designator=SW?(SW2)
Add component (AddParameter): Name = "Value"; Value = "SW chip 2 pin"; VariantName = "[No Variations]"
Added Pin To Net: NetName=NetC2_1 Pin=SW?-1
Added Pin To Net: NetName=NetC3_1 Pin=SW?-1
Added Pin To Net: NetName=NetC4_1 Pin=SW?-1
Added Pin To Net: NetName=NetC5_1 Pin=SW?-1
Added Pin To Net: NetName=VCC Pin=SW?-2
Added Pin To Net: NetName=VCC Pin=SW?-2
Added Pin To Net: NetName=VCC Pin=SW?-2
Added Pin To Net: NetName=VCC Pin=SW?-2
Added Member To Class: ClassName=Sheet1 Member=Component SW? SW
Added Member To Class: ClassName=Sheet1 Member=Component SW? SW
Added Member To Class: ClassName=Sheet1 Member=Component SW? SW
Added Room: Name=Sheet1
